#left
 -95 120 150 -60 90
	-150 180 150 -85 90
-120 120 150 -60 90
	-175 175 150 -85 90
-65 75 125 -80 90
	-105 125 125 -85 90
-70 75 145 -80 90
	-125 135 145 -85 90
-85 100 160 -60 90
	-150 180 160 -85 90
-85 75 155 -65 90
	-167 160 155 -85 90
-120 100 200 -80 90
	-150 120 200 -85 90
-125 120 160 -70 90
	-140 140 160 -85 90
-140 120 180 -60 90
	-160 150 180 -85 90
-120 130 180 -55 90
	-170 180 180 -85 90
-85 100 160 -60 90
	-130 160 190 -85 90
-80 120 160 -60 90
	-130 180 160 -85 90


#center
-15 110 150 -75 90
	-25 175 150 -85 90
-40 100 150 -70 90
	-60 160 150 -85 90
5 105 125 -70 90
	10 150 125 -85 90
-25 140 140 -70 90
	-40 200 140 -85 90
-5 125 125 -75 90
	-10 155 125 -85
-30 110 140 -70 90
	-30 150 140 -85 90
-50 100 140 -70 90
	-60 140 140 -85 90
-25 80 100 -70 90
	-30 150 100 -85 90
-60 120 120 -70 90
	-65 160 120 -85 90
-40 100 150 -60 90
	-70 190 150 -85 90
-20 100 150 -70 90
	-30 190 150 -85 90
-5 100 160 -70 90
	0 190 160 -85 90


#right
80 160 160 -70 90
	90 180 180 -85 90
30 100 160 -70 90
	60 190 160 -85 90
115 125 160 -65 90
	150 180 160 -85 90
100 125 160 -65 90
	135 175 160 -85 90
80 200 170 -75 90
	80 220 170 -85 90
70 140 160 -70 90
	95 180 160 -85 90
40 130 160 -70 90
	55 150 160 -85 90
60 130 160 -70 90
	90 180 160 -85 90
30 125 160 -70 90
	40 160 160 -85 90
35 140 160 -60 90
	50 210 160 -85 90
60 140 160 -60 90
	80 210 160 -85 90
80 140 170 -60 90
	120 210 170 -85 90


