-103 127 169 -70 95
-116 120 164 -72 95
-118 126 166 -68 95
-91 147 166 -68 95
-85 137 162 -75 95
-87 140 183 -70 95
-110 122 183 -70 95
-125 139 174 -75 95
-130 150 189 -72 95
-104 155 174 -75 95
-133 165 154 -73 95
-101 125 169 -63 95
-92 132 169 -63 95

-19 160 169 -63 95
-19 155 167 -66 95
-11 163 153 -71 95
-28 161 153 -71 95
-24 136 154 -65 95
-7 138 154 -65 95
-23 134 153 -66 95
-17 163 124 -70 95
-28 161 124 -70 95
-30 171 127 -71 95
-18 172 127 -71 95
-19 184 140 -69 95
-30 174 138 -74 95

69 181 145 -63 95
63 184 145 -63 95
51 149 157 -53 95
75 162 151 -62 95
61 168 151 -62 95
59 173 158 -63 95
80 164 158 -63 95
79 195 124 -65 95
83 205 123 -66 95
71 206 122 -68 95
49 144 184 -62 95
80 158 177 -68 95
55 169 177 -68 95

-152 188 150 -80 95
-154 191 193 -73 95
-142 175 202 -70 95
-134 178 190 -73 95
-153 189 161 -80 95

-27 193 169 -77 95
-29 211 157 -80 95
-26 214 157 -78 95
-28 206 133 -84 95
-35 221 130 -85 95

81 224 133 -76 95
92 228 171 -67 95
87 216 191 -64 95
89 211 169 -69 95
90 235 145 -74 95
