#left
-80 220 150 -70 90
-110 200 150 -70 90
-70 100 160 -85 90
-90 130 150 -70 90
-120 180 140 -65 90
-170 210 140 -65 90
-70 190 180 -70 90
-100 180 180 -70 90
-95 160 180 -70 90
-100 110 180 -63 90


#center
20 200 170 -65 90
5 200 170 -70 90
10 80 150 -80 90
0 110 160 -85 90
-25 175 140 -70 90
-70 210 140 -65 90
35 190 180 -65 90
10 180 180 -70 90
-25 100 150 -85 90


#right
100 200 150 -50 90
100 200 150 -60 90
50 80 150 -50 90
65 110 190 -85 90
40 190 140 -65 90
35 200 140 -65 90
145 210 180 -63 90
115 190 180 -65 90
50 120 150 -65 90
60 140 180 -75 90


