# tool - left
51 63 419 5
58 62 429 9
45 72 429 9
36 57 422 2
45 50 422 2
47 53 437 2
39 59 437 2
54 67 457 11
53 66 414 11
49 69 414 11

# tool - center
10 84 414 11
10 85 409 8
16 95 417 8
17 96 377 8
17 96 375 7
12 119 412 16
20 118 412 16
20 115 426 16
12 116 426 16
11 105 440 16

# tool - right
-33 97 449 22
-31 92 395 22
-33 93 432 19
-30 87 438 17
-40 83 438 17
-42 106 466 27
-42 104 474 27
-23 68 408 7
-33 66 434 7
-22 70 434 7

# tool - left top
45 56 448 5
20 25 431 1
22 27 440 2
27 36 442 2
38 47 440 2

# tool - left center
10 72 440 2
14 77 446 3
9 77 450 5
14 99 449 5
15 94 451 5

# tool - right top
-32 87 466 14
-23 57 464 14
-18 46 460 12
-26 63 461 12
-27 72 462 13
